<?xml version="1.0" encoding="utf-8"?><testsuites name="pytest tests"><testsuite name="pytest" errors="0" failures="0" skipped="0" tests="45" time="0.105" timestamp="2025-07-19T00:27:47.766785+08:00" hostname="errol-john-Aspire-A315-44P"><testcase classname="tests.test_calculator" name="test_add[1-1-2]" time="0.001" /><testcase classname="tests.test_calculator" name="test_add[4--1-3]" time="0.001" /><testcase classname="tests.test_calculator" name="test_add[0-0-0]" time="0.001" /><testcase classname="tests.test_calculator" name="test_add[4.2-3-expected3]" time="0.001" /><testcase classname="tests.test_calculator" name="test_add[3.1-4.5-expected4]" time="0.001" /><testcase classname="tests.test_calculator" name="test_add_invalid_param[a-2]" time="0.001" /><testcase classname="tests.test_calculator" name="test_add_invalid_param[a1-1]" time="0.001" /><testcase classname="tests.test_calculator" name="test_add_invalid_param[a2--1]" time="0.001" /><testcase classname="tests.test_calculator" name="test_add_invalid_param[-12-b3]" time="0.001" /><testcase classname="tests.test_calculator" name="test_add_invalid_param[None-a]" time="0.001" /><testcase classname="tests.test_calculator" name="test_subtract_param[2-1-1]" time="0.001" /><testcase classname="tests.test_calculator" name="test_subtract_param[-2--2-0]" time="0.001" /><testcase classname="tests.test_calculator" name="test_subtract_param[5--7-12]" time="0.001" /><testcase classname="tests.test_calculator" name="test_subtract_param[-7--5--2]" time="0.001" /><testcase classname="tests.test_calculator" name="test_subtract_param[0-0-0]" time="0.001" /><testcase classname="tests.test_calculator" name="test_subtract_param[3.2-4-expected5]" time="0.001" /><testcase classname="tests.test_calculator" name="test_subtract_param[3.5-2.2-expected6]" time="0.001" /><testcase classname="tests.test_calculator" name="test_subtract_invalid_param[a-2]" time="0.001" /><testcase classname="tests.test_calculator" name="test_subtract_invalid_param[a1-1]" time="0.001" /><testcase classname="tests.test_calculator" name="test_subtract_invalid_param[a2--1]" time="0.001" /><testcase classname="tests.test_calculator" name="test_subtract_invalid_param[-12-b3]" time="0.001" /><testcase classname="tests.test_calculator" name="test_subtract_invalid_param[None-a]" time="0.001" /><testcase classname="tests.test_calculator" name="test_multiply_param[2-2-4]" time="0.001" /><testcase classname="tests.test_calculator" name="test_multiply_param[-2--5-10]" time="0.001" /><testcase classname="tests.test_calculator" name="test_multiply_param[-7-2--14]" time="0.001" /><testcase classname="tests.test_calculator" name="test_multiply_param[0-0-0]" time="0.001" /><testcase classname="tests.test_calculator" name="test_multiply_param[4.2--1-expected4]" time="0.001" /><testcase classname="tests.test_calculator" name="test_multiply_param[3.2-2.2-expected5]" time="0.002" /><testcase classname="tests.test_calculator" name="test_multiply_invalid_param[a-2]" time="0.001" /><testcase classname="tests.test_calculator" name="test_multiply_invalid_param[a1-1]" time="0.001" /><testcase classname="tests.test_calculator" name="test_multiply_invalid_param[a2--1]" time="0.001" /><testcase classname="tests.test_calculator" name="test_multiply_invalid_param[-12-b3]" time="0.001" /><testcase classname="tests.test_calculator" name="test_multiply_invalid_param[None-a]" time="0.001" /><testcase classname="tests.test_calculator" name="test_divide_param[0-4-0]" time="0.001" /><testcase classname="tests.test_calculator" name="test_divide_param[6--2--3]" time="0.001" /><testcase classname="tests.test_calculator" name="test_divide_param[4-2-2]" time="0.002" /><testcase classname="tests.test_calculator" name="test_divide_param[7-2-expected3]" time="0.001" /><testcase classname="tests.test_calculator" name="test_divide_param[0.5-0.5-expected4]" time="0.001" /><testcase classname="tests.test_calculator" name="test_divide_param[5.6-4.7-expected5]" time="0.001" /><testcase classname="tests.test_calculator" name="test_divide_invalid_param[a-2]" time="0.001" /><testcase classname="tests.test_calculator" name="test_divide_invalid_param[a1-1]" time="0.001" /><testcase classname="tests.test_calculator" name="test_divide_invalid_param[a2--1]" time="0.001" /><testcase classname="tests.test_calculator" name="test_divide_invalid_param[-12-b3]" time="0.001" /><testcase classname="tests.test_calculator" name="test_divide_invalid_param[None-a]" time="0.001" /><testcase classname="tests.test_calculator" name="test_divide_by_zero" time="0.001" /></testsuite></testsuites>